Base path: C:/Program Files/Unity5/Editor/Data
Pipe name: \\.\pipe\UnityShaderCompiler-64bit-4-9452
Cmd: getPlatforms
Cmd: compileSnippet
  api=8 type=0 insize=6731 outsize=5217 kw=DIRECTIONAL LIGHTMAP_OFF DIRLIGHTMAP_OFF DYNAMICLIGHTMAP_OFF ok=1
Cmd: compileSnippet
  api=1 type=0 insize=3569 outsize=339 kw=POINT ok=1
Cmd: compileSnippet
  api=1 type=0 insize=3569 outsize=339 kw=POINT_COOKIE ok=1
Cmd: compileSnippet
  api=0 type=0 insize=3569 outsize=1659 kw=DIRECTIONAL_COOKIE ok=1
Cmd: compileSnippet
  api=8 type=1 insize=3569 outsize=1698 kw=DIRECTIONAL ok=1
Cmd: compileSnippet
  api=1 type=0 insize=7178 outsize=941 kw=DIRECTIONAL LIGHTMAP_OFF DIRLIGHTMAP_OFF DYNAMICLIGHTMAP_OFF ok=1
Cmd: compileSnippet
  api=1 type=0 insize=4616 outsize=725 kw=DIRECTIONAL ok=1
Cmd: compileSnippet
  api=0 type=0 insize=4616 outsize=3190 kw=POINT_COOKIE ok=1
Cmd: compileSnippet
  api=8 type=1 insize=4616 outsize=2950 kw=DIRECTIONAL ok=1
Cmd: compileSnippet
  api=1 type=0 insize=1329 outsize=495 kw= ok=1
Cmd: compileSnippet
  api=1 type=1 insize=1329 outsize=240 kw= ok=1
Cmd: compileSnippet
  api=1 type=0 insize=7059 outsize=1122 kw=DIRECTIONAL SHADOWS_OFF LIGHTMAP_OFF DIRLIGHTMAP_OFF DYNAMICLIGHTMAP_OFF VERTEXLIGHT_ON ok=1
Cmd: compileSnippet
  api=4 type=0 insize=7059 outsize=5580 kw=DIRECTIONAL SHADOWS_SCREEN LIGHTMAP_OFF DIRLIGHTMAP_OFF DYNAMICLIGHTMAP_OFF VERTEXLIGHT_ON ok=1
Cmd: compileSnippet
  api=1 type=1 insize=7059 outsize=360 kw=DIRECTIONAL SHADOWS_OFF LIGHTMAP_OFF DIRLIGHTMAP_OFF DYNAMICLIGHTMAP_OFF ok=1
Cmd: compileSnippet
  api=8 type=0 insize=3888 outsize=4006 kw=DIRECTIONAL ok=1
Cmd: compileSnippet
  api=8 type=0 insize=3888 outsize=4006 kw=POINT_COOKIE ok=1
Cmd: compileSnippet
  api=8 type=0 insize=3888 outsize=4006 kw=DIRECTIONAL_COOKIE ok=1
Cmd: compileSnippet
  api=8 type=1 insize=3888 outsize=3315 kw=POINT ok=1
Cmd: compileSnippet
  api=4 type=0 insize=2914 outsize=2517 kw= ok=1
Cmd: compileSnippet
  api=8 type=0 insize=6215 outsize=5940 kw=LIGHTMAP_OFF DIRLIGHTMAP_OFF DYNAMICLIGHTMAP_OFF UNITY_HDR_ON ok=1
Cmd: compileSnippet
  api=0 type=1 insize=6215 outsize=6 kw=LIGHTMAP_OFF DIRLIGHTMAP_OFF DYNAMICLIGHTMAP_OFF UNITY_HDR_ON ok=1
Cmd: compileSnippet
  api=0 type=0 insize=6169 outsize=2971 kw=LIGHTMAP_OFF DIRLIGHTMAP_OFF DYNAMICLIGHTMAP_OFF HDR_LIGHT_PREPASS_OFF ok=1
Cmd: compileSnippet
  api=1 type=1 insize=6169 outsize=395 kw=LIGHTMAP_OFF DIRLIGHTMAP_OFF DYNAMICLIGHTMAP_OFF UNITY_HDR_ON ok=1
Cmd: compileSnippet
  api=1 type=0 insize=7075 outsize=1122 kw=DIRECTIONAL SHADOWS_OFF LIGHTMAP_OFF DIRLIGHTMAP_OFF DYNAMICLIGHTMAP_OFF VERTEXLIGHT_ON ok=1
Cmd: compileSnippet
  api=1 type=0 insize=7075 outsize=1250 kw=DIRECTIONAL SHADOWS_SCREEN LIGHTMAP_OFF DIRLIGHTMAP_OFF DYNAMICLIGHTMAP_OFF VERTEXLIGHT_ON ok=1
Cmd: compileSnippet
  api=8 type=0 insize=7075 outsize=8775 kw=DIRECTIONAL SHADOWS_SCREEN SHADOWS_NATIVE LIGHTMAP_OFF DIRLIGHTMAP_OFF DYNAMICLIGHTMAP_OFF VERTEXLIGHT_ON ok=1
Cmd: compileSnippet
  api=1 type=1 insize=7075 outsize=413 kw=DIRECTIONAL SHADOWS_SCREEN LIGHTMAP_OFF DIRLIGHTMAP_OFF DYNAMICLIGHTMAP_OFF ok=1
Cmd: compileSnippet
  api=8 type=0 insize=3755 outsize=3876 kw=DIRECTIONAL ok=1
Cmd: compileSnippet
  api=8 type=0 insize=3755 outsize=3876 kw=POINT_COOKIE ok=1
Cmd: compileSnippet
  api=8 type=0 insize=3755 outsize=3876 kw=DIRECTIONAL_COOKIE ok=1
Cmd: compileSnippet
  api=1 type=1 insize=3755 outsize=443 kw=POINT ok=1
Cmd: compileSnippet
  api=0 type=1 insize=3755 outsize=6 kw=DIRECTIONAL_COOKIE ok=1
Cmd: compileSnippet
  api=8 type=1 insize=3755 outsize=2495 kw=DIRECTIONAL_COOKIE ok=1
Cmd: compileSnippet
  api=8 type=1 insize=2913 outsize=967 kw= ok=1
Cmd: compileSnippet
  api=4 type=0 insize=6232 outsize=4150 kw=LIGHTMAP_OFF DIRLIGHTMAP_OFF DYNAMICLIGHTMAP_OFF HDR_LIGHT_PREPASS_OFF ok=1
Cmd: compileSnippet
  api=1 type=1 insize=6232 outsize=352 kw=LIGHTMAP_OFF DIRLIGHTMAP_OFF DYNAMICLIGHTMAP_OFF HDR_LIGHT_PREPASS_OFF ok=1
Cmd: compileSnippet
  api=4 type=0 insize=6163 outsize=3874 kw=LIGHTMAP_OFF DIRLIGHTMAP_OFF DYNAMICLIGHTMAP_OFF HDR_LIGHT_PREPASS_OFF ok=1
Cmd: compileSnippet
  api=8 type=1 insize=6163 outsize=2576 kw=LIGHTMAP_OFF DIRLIGHTMAP_OFF DYNAMICLIGHTMAP_OFF UNITY_HDR_ON ok=1
Cmd: compileSnippet
  api=4 type=0 insize=7636 outsize=5255 kw=DIRECTIONAL SHADOWS_SCREEN LIGHTMAP_OFF DIRLIGHTMAP_OFF DYNAMICLIGHTMAP_OFF ok=1
Cmd: compileSnippet
  api=0 type=0 insize=4854 outsize=3238 kw=POINT_COOKIE ok=1
Cmd: compileSnippet
  api=0 type=1 insize=4854 outsize=6 kw=POINT_COOKIE ok=1
Cmd: compileSnippet
  api=1 type=1 insize=4854 outsize=659 kw=DIRECTIONAL_COOKIE ok=1
Cmd: compileSnippet
  api=4 type=0 insize=6556 outsize=4150 kw=LIGHTMAP_OFF DIRLIGHTMAP_OFF DYNAMICLIGHTMAP_OFF HDR_LIGHT_PREPASS_OFF ok=1
Cmd: compileSnippet
  api=1 type=1 insize=6556 outsize=288 kw=LIGHTMAP_OFF DIRLIGHTMAP_OFF DYNAMICLIGHTMAP_OFF UNITY_HDR_ON ok=1
Cmd: compileSnippet
  api=4 type=0 insize=7434 outsize=4865 kw=LIGHTMAP_OFF DIRLIGHTMAP_OFF DYNAMICLIGHTMAP_OFF UNITY_HDR_ON ok=1
Cmd: compileSnippet
  api=4 type=1 insize=7434 outsize=2932 kw=LIGHTMAP_OFF DIRLIGHTMAP_OFF DYNAMICLIGHTMAP_OFF HDR_LIGHT_PREPASS_OFF ok=1
Cmd: compileSnippet
  api=0 type=0 insize=7434 outsize=4414 kw=DIRECTIONAL SHADOWS_SCREEN LIGHTMAP_OFF DIRLIGHTMAP_OFF DYNAMICLIGHTMAP_OFF ok=1
Cmd: compileSnippet
  api=4 type=1 insize=7434 outsize=2314 kw=DIRECTIONAL SHADOWS_OFF LIGHTMAP_OFF DIRLIGHTMAP_OFF DYNAMICLIGHTMAP_OFF ok=1
Cmd: compileSnippet
  api=4 type=0 insize=4841 outsize=3939 kw=DIRECTIONAL ok=1
Cmd: compileSnippet
  api=4 type=0 insize=4841 outsize=3939 kw=SPOT ok=1
Cmd: compileSnippet
  api=8 type=0 insize=4841 outsize=5672 kw=POINT_COOKIE ok=1
Cmd: compileSnippet
  api=8 type=1 insize=4841 outsize=2974 kw=DIRECTIONAL ok=1
Cmd: compileSnippet
  api=0 type=1 insize=4841 outsize=6 kw=DIRECTIONAL_COOKIE ok=1
Cmd: compileSnippet
  api=8 type=1 insize=4841 outsize=3746 kw=DIRECTIONAL_COOKIE ok=1
Cmd: compileSnippet
  api=1 type=1 insize=4032 outsize=399 kw= ok=1
Cmd: compileSnippet
  api=1 type=0 insize=6249 outsize=742 kw=LIGHTMAP_OFF DIRLIGHTMAP_OFF DYNAMICLIGHTMAP_OFF HDR_LIGHT_PREPASS_OFF ok=1
Cmd: compileSnippet
  api=0 type=1 insize=6249 outsize=6 kw=LIGHTMAP_OFF DIRLIGHTMAP_OFF DYNAMICLIGHTMAP_OFF HDR_LIGHT_PREPASS_OFF ok=1
Cmd: compileSnippet
  api=1 type=0 insize=7292 outsize=986 kw=LIGHTMAP_OFF DIRLIGHTMAP_OFF DYNAMICLIGHTMAP_OFF HDR_LIGHT_PREPASS_OFF ok=1
Cmd: compileSnippet
  api=0 type=1 insize=7292 outsize=6 kw=LIGHTMAP_OFF DIRLIGHTMAP_OFF DYNAMICLIGHTMAP_OFF HDR_LIGHT_PREPASS_OFF ok=1
Cmd: compileSnippet
  api=4 type=0 insize=7269 outsize=3736 kw=DIRECTIONAL SHADOWS_OFF LIGHTMAP_OFF DIRLIGHTMAP_OFF DYNAMICLIGHTMAP_OFF ok=1
Cmd: compileSnippet
  api=8 type=0 insize=7269 outsize=7719 kw=DIRECTIONAL SHADOWS_OFF LIGHTMAP_OFF DIRLIGHTMAP_OFF DYNAMICLIGHTMAP_OFF VERTEXLIGHT_ON ok=1
Cmd: compileSnippet
  api=1 type=1 insize=7269 outsize=687 kw=DIRECTIONAL SHADOWS_SCREEN LIGHTMAP_OFF DIRLIGHTMAP_OFF DYNAMICLIGHTMAP_OFF ok=1
Cmd: compileSnippet
  api=0 type=0 insize=3907 outsize=1867 kw=DIRECTIONAL ok=1
Cmd: compileSnippet
  api=4 type=1 insize=3907 outsize=2135 kw=DIRECTIONAL ok=1
Cmd: compileSnippet
  api=8 type=1 insize=3907 outsize=4940 kw=SPOT ok=1
Cmd: compileSnippet
  api=8 type=1 insize=3907 outsize=3884 kw=DIRECTIONAL_COOKIE ok=1
Cmd: compileSnippet
  api=4 type=0 insize=6301 outsize=4150 kw=LIGHTMAP_OFF DIRLIGHTMAP_OFF DYNAMICLIGHTMAP_OFF UNITY_HDR_ON ok=1
Cmd: compileSnippet
  api=4 type=1 insize=6301 outsize=1753 kw=LIGHTMAP_OFF DIRLIGHTMAP_OFF DYNAMICLIGHTMAP_OFF HDR_LIGHT_PREPASS_OFF ok=1
Cmd: compileSnippet
  api=4 type=0 insize=6357 outsize=3874 kw=LIGHTMAP_OFF DIRLIGHTMAP_OFF DYNAMICLIGHTMAP_OFF HDR_LIGHT_PREPASS_OFF ok=1
Cmd: compileSnippet
  api=0 type=1 insize=6357 outsize=6 kw=LIGHTMAP_OFF DIRLIGHTMAP_OFF DYNAMICLIGHTMAP_OFF UNITY_HDR_ON ok=1
Cmd: compileSnippet
  api=0 type=0 insize=7817 outsize=4530 kw=DIRECTIONAL SHADOWS_OFF LIGHTMAP_OFF DIRLIGHTMAP_OFF DYNAMICLIGHTMAP_OFF ok=1
Cmd: compileSnippet
  api=0 type=0 insize=4993 outsize=3210 kw=DIRECTIONAL ok=1
Cmd: compileSnippet
  api=0 type=1 insize=4993 outsize=6 kw=DIRECTIONAL ok=1
Cmd: compileSnippet
  api=1 type=1 insize=4993 outsize=951 kw=DIRECTIONAL_COOKIE ok=1
Cmd: compileSnippet
  api=4 type=1 insize=4112 outsize=1550 kw= ok=1
Cmd: compileSnippet
  api=4 type=1 insize=6612 outsize=1697 kw=LIGHTMAP_OFF DIRLIGHTMAP_OFF DYNAMICLIGHTMAP_OFF UNITY_HDR_ON ok=1
Cmd: compileSnippet
  api=4 type=0 insize=7615 outsize=4865 kw=LIGHTMAP_OFF DIRLIGHTMAP_OFF DYNAMICLIGHTMAP_OFF HDR_LIGHT_PREPASS_OFF ok=1
Cmd: compileSnippet
  api=0 type=1 insize=7615 outsize=6 kw=LIGHTMAP_OFF DIRLIGHTMAP_OFF DYNAMICLIGHTMAP_OFF UNITY_HDR_ON ok=1
Cmd: compileSnippet
  api=8 type=0 insize=1642 outsize=1902 kw= ok=1
Cmd: compileSnippet
  api=8 type=0 insize=1002 outsize=1438 kw= ok=1
Cmd: compileSnippet
  api=8 type=1 insize=1171 outsize=1983 kw= ok=1
Cmd: compileSnippet
  api=8 type=1 insize=1987 outsize=1739 kw= ok=1
Cmd: compileSnippet
  api=8 type=1 insize=1984 outsize=1325 kw= ok=1
Cmd: compileSnippet
  api=8 type=0 insize=1366 outsize=1902 kw= ok=1
Cmd: compileSnippet
  api=1 type=1 insize=1702 outsize=681 kw= ok=1
Cmd: compileSnippet
  api=1 type=1 insize=19336 outsize=302 kw= ok=1
Cmd: compileSnippet
  api=1 type=0 insize=19345 outsize=639 kw= ok=1
Cmd: compileSnippet
  api=1 type=1 insize=19337 outsize=251 kw= ok=1
Cmd: compileSnippet
  api=1 type=0 insize=19341 outsize=302 kw= ok=1
Cmd: compileSnippet
  api=1 type=1 insize=19343 outsize=208 kw= ok=1
Cmd: compileSnippet
  api=1 type=0 insize=19341 outsize=302 kw= ok=1
Cmd: compileSnippet
  api=1 type=1 insize=19329 outsize=118 kw= ok=1
Cmd: compileSnippet
  api=1 type=1 insize=3766 outsize=897 kw= ok=1
Cmd: compileSnippet
  api=1 type=1 insize=3778 outsize=335 kw= ok=1
Cmd: compileSnippet
  api=1 type=0 insize=3334 outsize=131 kw= ok=1
Cmd: compileSnippet
  api=1 type=0 insize=3341 outsize=363 kw= ok=1
Cmd: compileSnippet
  api=1 type=0 insize=3350 outsize=331 kw= ok=1
Cmd: compileSnippet
  api=8 type=1 insize=3345 outsize=3015 kw= ok=1
Cmd: compileSnippet
  api=1 type=0 insize=5605 outsize=302 kw=SAMPLES_VERY_LOW DISTANCE_CUTOFF_ON LUM_CONTRIB_ON CUSTOM_COLOR_ON NOISE_ON ok=1
Cmd: compileSnippet
  api=1 type=0 insize=5605 outsize=302 kw=SAMPLES_VERY_LOW DISTANCE_CUTOFF_ON LUM_CONTRIB_ON NOISE_OFF CUSTOM_COLOR_OFF ok=1
Cmd: compileSnippet
  api=4 type=0 insize=5605 outsize=1298 kw=SAMPLES_VERY_LOW DISTANCE_CUTOFF_ON CUSTOM_COLOR_ON NOISE_OFF LUM_CONTRIB_OFF ok=1
Cmd: compileSnippet
  api=1 type=0 insize=5605 outsize=302 kw=SAMPLES_VERY_LOW DISTANCE_CUTOFF_ON NOISE_OFF CUSTOM_COLOR_OFF LUM_CONTRIB_OFF ok=1
Cmd: compileSnippet
  api=1 type=0 insize=5605 outsize=302 kw=SAMPLES_VERY_LOW LUM_CONTRIB_ON CUSTOM_COLOR_ON NOISE_OFF DISTANCE_CUTOFF_OFF ok=1
Cmd: compileSnippet
  api=0 type=0 insize=5605 outsize=4161 kw=SAMPLES_VERY_LOW CUSTOM_COLOR_ON NOISE_ON LUM_CONTRIB_OFF DISTANCE_CUTOFF_OFF ok=1
Cmd: compileSnippet
  api=1 type=0 insize=5605 outsize=302 kw=DISTANCE_CUTOFF_ON LUM_CONTRIB_ON CUSTOM_COLOR_ON NOISE_OFF SAMPLES_LOW ok=1
Cmd: compileSnippet
  api=0 type=0 insize=5605 outsize=3420 kw=DISTANCE_CUTOFF_ON LUM_CONTRIB_ON NOISE_OFF CUSTOM_COLOR_OFF SAMPLES_LOW ok=1
Cmd: compileSnippet
  api=4 type=0 insize=5605 outsize=1298 kw=DISTANCE_CUTOFF_ON NOISE_ON CUSTOM_COLOR_OFF LUM_CONTRIB_OFF SAMPLES_LOW ok=1
Cmd: compileSnippet
  api=1 type=0 insize=5605 outsize=302 kw=LUM_CONTRIB_ON CUSTOM_COLOR_ON NOISE_ON DISTANCE_CUTOFF_OFF SAMPLES_LOW ok=1
Cmd: compileSnippet
  api=4 type=0 insize=5605 outsize=1298 kw=LUM_CONTRIB_ON CUSTOM_COLOR_ON NOISE_OFF DISTANCE_CUTOFF_OFF SAMPLES_LOW ok=1
Cmd: compileSnippet
  api=4 type=0 insize=5605 outsize=1298 kw=LUM_CONTRIB_ON NOISE_ON CUSTOM_COLOR_OFF DISTANCE_CUTOFF_OFF SAMPLES_LOW ok=1
Cmd: compileSnippet
  api=1 type=0 insize=5605 outsize=302 kw=LUM_CONTRIB_ON NOISE_OFF CUSTOM_COLOR_OFF DISTANCE_CUTOFF_OFF SAMPLES_LOW ok=1
Cmd: compileSnippet
  api=4 type=0 insize=5605 outsize=1298 kw=CUSTOM_COLOR_ON NOISE_OFF LUM_CONTRIB_OFF DISTANCE_CUTOFF_OFF SAMPLES_LOW ok=1
Cmd: compileSnippet
  api=0 type=0 insize=5605 outsize=4365 kw=DISTANCE_CUTOFF_ON LUM_CONTRIB_ON CUSTOM_COLOR_ON NOISE_ON SAMPLES_MEDIUM ok=1
Cmd: compileSnippet
  api=0 type=0 insize=5605 outsize=4193 kw=DISTANCE_CUTOFF_ON CUSTOM_COLOR_ON NOISE_ON LUM_CONTRIB_OFF SAMPLES_MEDIUM ok=1
Cmd: compileSnippet
  api=4 type=0 insize=5605 outsize=1298 kw=DISTANCE_CUTOFF_ON NOISE_ON CUSTOM_COLOR_OFF LUM_CONTRIB_OFF SAMPLES_MEDIUM ok=1
Cmd: compileSnippet
  api=4 type=0 insize=5605 outsize=1298 kw=LUM_CONTRIB_ON CUSTOM_COLOR_ON NOISE_ON DISTANCE_CUTOFF_OFF SAMPLES_MEDIUM ok=1
Cmd: compileSnippet
  api=0 type=0 insize=5605 outsize=4142 kw=LUM_CONTRIB_ON NOISE_ON CUSTOM_COLOR_OFF DISTANCE_CUTOFF_OFF SAMPLES_MEDIUM ok=1
Cmd: compileSnippet
  api=4 type=0 insize=5605 outsize=1298 kw=NOISE_OFF CUSTOM_COLOR_OFF LUM_CONTRIB_OFF DISTANCE_CUTOFF_OFF SAMPLES_MEDIUM ok=1
Cmd: compileSnippet
  api=1 type=0 insize=5605 outsize=302 kw=DISTANCE_CUTOFF_ON LUM_CONTRIB_ON CUSTOM_COLOR_ON NOISE_OFF SAMPLES_HIGH ok=1
Cmd: compileSnippet
  api=0 type=0 insize=5605 outsize=4871 kw=DISTANCE_CUTOFF_ON LUM_CONTRIB_ON NOISE_ON CUSTOM_COLOR_OFF SAMPLES_HIGH ok=1
Cmd: compileSnippet
  api=1 type=0 insize=5605 outsize=302 kw=DISTANCE_CUTOFF_ON NOISE_ON CUSTOM_COLOR_OFF LUM_CONTRIB_OFF SAMPLES_HIGH ok=1
Cmd: compileSnippet
  api=4 type=0 insize=5605 outsize=1298 kw=DISTANCE_CUTOFF_ON NOISE_OFF CUSTOM_COLOR_OFF LUM_CONTRIB_OFF SAMPLES_HIGH ok=1
Cmd: compileSnippet
  api=4 type=0 insize=5605 outsize=1298 kw=LUM_CONTRIB_ON CUSTOM_COLOR_ON NOISE_OFF DISTANCE_CUTOFF_OFF SAMPLES_HIGH ok=1
Cmd: compileSnippet
  api=1 type=0 insize=5605 outsize=302 kw=LUM_CONTRIB_ON NOISE_OFF CUSTOM_COLOR_OFF DISTANCE_CUTOFF_OFF SAMPLES_HIGH ok=1
Cmd: compileSnippet
  api=4 type=0 insize=5605 outsize=1298 kw=CUSTOM_COLOR_ON NOISE_ON LUM_CONTRIB_OFF DISTANCE_CUTOFF_OFF SAMPLES_HIGH ok=1
Cmd: compileSnippet
  api=4 type=0 insize=5605 outsize=1298 kw=CUSTOM_COLOR_ON NOISE_OFF LUM_CONTRIB_OFF DISTANCE_CUTOFF_OFF SAMPLES_HIGH ok=1
Cmd: compileSnippet
  api=1 type=0 insize=5605 outsize=302 kw=NOISE_ON CUSTOM_COLOR_OFF LUM_CONTRIB_OFF DISTANCE_CUTOFF_OFF SAMPLES_HIGH ok=1
Cmd: compileSnippet
  api=4 type=0 insize=5605 outsize=1298 kw=NOISE_ON CUSTOM_COLOR_OFF LUM_CONTRIB_OFF DISTANCE_CUTOFF_OFF SAMPLES_HIGH ok=1
Cmd: compileSnippet
  api=4 type=0 insize=5605 outsize=1298 kw=NOISE_OFF CUSTOM_COLOR_OFF LUM_CONTRIB_OFF DISTANCE_CUTOFF_OFF SAMPLES_HIGH ok=1
Cmd: compileSnippet
  api=1 type=1 insize=5605 outsize=3173 kw=SAMPLES_VERY_LOW DISTANCE_CUTOFF_ON LUM_CONTRIB_ON NOISE_ON CUSTOM_COLOR_OFF ok=1
Cmd: compileSnippet
  api=1 type=1 insize=5605 outsize=2962 kw=SAMPLES_VERY_LOW LUM_CONTRIB_ON CUSTOM_COLOR_ON NOISE_ON DISTANCE_CUTOFF_OFF ok=1
Cmd: compileSnippet
  api=0 type=1 insize=5605 outsize=6 kw=SAMPLES_VERY_LOW CUSTOM_COLOR_ON NOISE_OFF LUM_CONTRIB_OFF DISTANCE_CUTOFF_OFF ok=1
Cmd: compileSnippet
  api=1 type=1 insize=5605 outsize=2767 kw=SAMPLES_VERY_LOW NOISE_ON CUSTOM_COLOR_OFF LUM_CONTRIB_OFF DISTANCE_CUTOFF_OFF ok=1
Cmd: compileSnippet
  api=1 type=1 insize=5605 outsize=4648 kw=DISTANCE_CUTOFF_ON LUM_CONTRIB_ON CUSTOM_COLOR_ON NOISE_OFF SAMPLES_LOW ok=1
Cmd: compileSnippet
  api=0 type=1 insize=5605 outsize=6 kw=DISTANCE_CUTOFF_ON NOISE_OFF CUSTOM_COLOR_OFF LUM_CONTRIB_OFF SAMPLES_LOW ok=1
Cmd: compileSnippet
  api=1 type=1 insize=5605 outsize=4492 kw=DISTANCE_CUTOFF_ON NOISE_OFF CUSTOM_COLOR_OFF LUM_CONTRIB_OFF SAMPLES_LOW ok=1
Cmd: compileSnippet
  api=4 type=1 insize=5605 outsize=5759 kw=CUSTOM_COLOR_ON NOISE_OFF LUM_CONTRIB_OFF DISTANCE_CUTOFF_OFF SAMPLES_LOW ok=1
Cmd: compileSnippet
  api=4 type=1 insize=5605 outsize=6377 kw=NOISE_ON CUSTOM_COLOR_OFF LUM_CONTRIB_OFF DISTANCE_CUTOFF_OFF SAMPLES_LOW ok=1
Cmd: compileSnippet
  api=1 type=1 insize=5605 outsize=7510 kw=DISTANCE_CUTOFF_ON LUM_CONTRIB_ON CUSTOM_COLOR_ON NOISE_ON SAMPLES_MEDIUM ok=1
Cmd: compileSnippet
  api=4 type=1 insize=5605 outsize=8318 kw=LUM_CONTRIB_ON CUSTOM_COLOR_ON NOISE_ON DISTANCE_CUTOFF_OFF SAMPLES_MEDIUM ok=1
Cmd: compileSnippet
  api=4 type=1 insize=5605 outsize=8253 kw=LUM_CONTRIB_ON NOISE_ON CUSTOM_COLOR_OFF DISTANCE_CUTOFF_OFF SAMPLES_MEDIUM ok=1
Cmd: compileSnippet
  api=0 type=1 insize=5605 outsize=6 kw=CUSTOM_COLOR_ON NOISE_ON LUM_CONTRIB_OFF DISTANCE_CUTOFF_OFF SAMPLES_MEDIUM ok=1
Cmd: compileSnippet
  api=4 type=1 insize=5605 outsize=7928 kw=CUSTOM_COLOR_ON NOISE_ON LUM_CONTRIB_OFF DISTANCE_CUTOFF_OFF SAMPLES_MEDIUM ok=1
Cmd: compileSnippet
  api=4 type=1 insize=5605 outsize=7246 kw=CUSTOM_COLOR_ON NOISE_OFF LUM_CONTRIB_OFF DISTANCE_CUTOFF_OFF SAMPLES_MEDIUM ok=1
Cmd: compileSnippet
  api=1 type=1 insize=5605 outsize=6154 kw=NOISE_OFF CUSTOM_COLOR_OFF LUM_CONTRIB_OFF DISTANCE_CUTOFF_OFF SAMPLES_MEDIUM ok=1
Cmd: compileSnippet
  api=1 type=1 insize=5605 outsize=9328 kw=DISTANCE_CUTOFF_ON CUSTOM_COLOR_ON NOISE_ON LUM_CONTRIB_OFF SAMPLES_HIGH ok=1
Cmd: compileSnippet
  api=0 type=1 insize=5605 outsize=6 kw=LUM_CONTRIB_ON CUSTOM_COLOR_ON NOISE_OFF DISTANCE_CUTOFF_OFF SAMPLES_HIGH ok=1
Cmd: compileSnippet
  api=1 type=1 insize=5605 outsize=8352 kw=LUM_CONTRIB_ON NOISE_OFF CUSTOM_COLOR_OFF DISTANCE_CUTOFF_OFF SAMPLES_HIGH ok=1
Cmd: compileSnippet
  api=1 type=0 insize=5067 outsize=304 kw=CUSTOM_COLOR_ON ok=1
Cmd: compileSnippet
  api=1 type=1 insize=5067 outsize=384 kw=CUSTOM_COLOR_ON ok=1
Cmd: compileSnippet
  api=4 type=0 insize=5945 outsize=1526 kw=CUSTOM_COLOR_OFF ok=1
Cmd: compileSnippet
  api=1 type=1 insize=5945 outsize=888 kw=CUSTOM_COLOR_ON ok=1
Cmd: compileSnippet
  api=1 type=0 insize=4751 outsize=258 kw=CUSTOM_COLOR_OFF ok=1
Cmd: compileSnippet
  api=8 type=1 insize=4751 outsize=1349 kw=CUSTOM_COLOR_ON ok=1
Cmd: compileSnippet
  api=8 type=0 insize=541 outsize=5379 kw=SHADOWS_DEPTH ok=1
Cmd: compileSnippet
  api=4 type=1 insize=541 outsize=681 kw=SHADOWS_CUBE ok=1
Cmd: compileSnippet
  api=8 type=0 insize=6810 outsize=5217 kw=DIRECTIONAL SHADOWS_OFF LIGHTMAP_OFF DIRLIGHTMAP_OFF DYNAMICLIGHTMAP_OFF ok=1
Cmd: compileSnippet
  api=8 type=0 insize=6810 outsize=6273 kw=DIRECTIONAL SHADOWS_SCREEN SHADOWS_NATIVE LIGHTMAP_OFF DIRLIGHTMAP_OFF DYNAMICLIGHTMAP_OFF ok=1
Cmd: compileSnippet
  api=1 type=1 insize=6810 outsize=263 kw=DIRECTIONAL SHADOWS_OFF LIGHTMAP_OFF DIRLIGHTMAP_OFF DYNAMICLIGHTMAP_OFF ok=1
Cmd: compileSnippet
  api=1 type=0 insize=3647 outsize=339 kw=POINT ok=1
Cmd: compileSnippet
  api=1 type=0 insize=3647 outsize=339 kw=POINT_COOKIE ok=1
Cmd: compileSnippet
  api=0 type=0 insize=3647 outsize=1707 kw=DIRECTIONAL_COOKIE ok=1
Cmd: compileSnippet
  api=0 type=1 insize=3647 outsize=6 kw=SPOT ok=1
Cmd: compileSnippet
  api=0 type=1 insize=3647 outsize=6 kw=POINT_COOKIE ok=1
Cmd: compileSnippet
  api=4 type=1 insize=3647 outsize=2119 kw=POINT_COOKIE ok=1
Cmd: compileSnippet
  api=1 type=0 insize=2805 outsize=293 kw= ok=1
Cmd: compileSnippet
  api=1 type=0 insize=5974 outsize=707 kw=LIGHTMAP_OFF DIRLIGHTMAP_OFF DYNAMICLIGHTMAP_OFF UNITY_HDR_ON ok=1
Cmd: compileSnippet
  api=0 type=1 insize=5974 outsize=6 kw=LIGHTMAP_OFF DIRLIGHTMAP_OFF DYNAMICLIGHTMAP_OFF HDR_LIGHT_PREPASS_OFF ok=1
Cmd: compileSnippet
  api=4 type=0 insize=5928 outsize=3785 kw=LIGHTMAP_OFF DIRLIGHTMAP_OFF DYNAMICLIGHTMAP_OFF HDR_LIGHT_PREPASS_OFF ok=1
Cmd: compileSnippet
  api=4 type=1 insize=5928 outsize=1583 kw=LIGHTMAP_OFF DIRLIGHTMAP_OFF DYNAMICLIGHTMAP_OFF UNITY_HDR_ON ok=1
Cmd: compileSnippet
  api=0 type=0 insize=1275 outsize=2504 kw=DIRECTIONAL SHADOWS_OFF ok=1
Cmd: compileSnippet
  api=4 type=0 insize=1275 outsize=1940 kw=SPOT SHADOWS_DEPTH SHADOWS_NATIVE ok=1
Cmd: compileSnippet
  api=4 type=0 insize=1275 outsize=1940 kw=POINT SHADOWS_CUBE ok=1
Cmd: compileSnippet
  api=0 type=0 insize=1275 outsize=4126 kw=SPOT SHADOWS_DEPTH SHADOWS_SOFT SHADOWS_NATIVE ok=1
Cmd: compileSnippet
  api=1 type=1 insize=1275 outsize=1599 kw=SPOT SHADOWS_OFF ok=1
Cmd: compileSnippet
  api=0 type=1 insize=1275 outsize=6 kw=SPOT SHADOWS_DEPTH SHADOWS_NATIVE ok=1
Cmd: compileSnippet
  api=0 type=1 insize=1275 outsize=6 kw=DIRECTIONAL SHADOWS_SCREEN ok=1
Cmd: compileSnippet
  api=1 type=1 insize=1275 outsize=1329 kw=DIRECTIONAL SHADOWS_SCREEN ok=1
Cmd: compileSnippet
  api=4 type=1 insize=1275 outsize=4987 kw=POINT SHADOWS_CUBE ok=1
Cmd: compileSnippet
  api=4 type=1 insize=1275 outsize=6271 kw=POINT_COOKIE SHADOWS_CUBE SHADOWS_SOFT ok=1
Cmd: compileSnippet
  api=4 type=0 insize=1268 outsize=1940 kw=POINT SHADOWS_OFF ok=1
Cmd: compileSnippet
  api=4 type=0 insize=1268 outsize=1940 kw=POINT_COOKIE SHADOWS_OFF ok=1
Cmd: compileSnippet
  api=0 type=0 insize=1268 outsize=3540 kw=SPOT SHADOWS_DEPTH SHADOWS_NATIVE ok=1
Cmd: compileSnippet
  api=0 type=0 insize=1268 outsize=4203 kw=POINT SHADOWS_CUBE SHADOWS_SOFT ok=1
Cmd: compileSnippet
  api=4 type=1 insize=1268 outsize=4451 kw=POINT SHADOWS_OFF ok=1
Cmd: compileSnippet
  api=0 type=1 insize=1268 outsize=6 kw=SPOT SHADOWS_DEPTH SHADOWS_NATIVE ok=1
Cmd: compileSnippet
  api=0 type=1 insize=1268 outsize=6 kw=DIRECTIONAL_COOKIE SHADOWS_SCREEN ok=1
Cmd: compileSnippet
  api=4 type=1 insize=1268 outsize=4800 kw=DIRECTIONAL_COOKIE SHADOWS_SCREEN ok=1
Cmd: compileSnippet
  api=4 type=1 insize=1268 outsize=6604 kw=SPOT SHADOWS_DEPTH SHADOWS_SOFT SHADOWS_NATIVE ok=1
Cmd: compileSnippet
  api=4 type=0 insize=1273 outsize=1940 kw=DIRECTIONAL SHADOWS_OFF ok=1
Cmd: compileSnippet
  api=4 type=0 insize=1273 outsize=1940 kw=POINT_COOKIE SHADOWS_OFF ok=1
Cmd: compileSnippet
  api=0 type=0 insize=1273 outsize=3545 kw=SPOT SHADOWS_DEPTH SHADOWS_NATIVE ok=1
Cmd: compileSnippet
  api=0 type=0 insize=1273 outsize=4122 kw=SPOT SHADOWS_DEPTH SHADOWS_SOFT SHADOWS_NATIVE ok=1
Cmd: compileSnippet
  api=1 type=1 insize=1273 outsize=1156 kw=DIRECTIONAL SHADOWS_OFF ok=1
Cmd: compileSnippet
  api=0 type=1 insize=1273 outsize=6 kw=DIRECTIONAL_COOKIE SHADOWS_OFF ok=1
Cmd: compileSnippet
  api=1 type=1 insize=1273 outsize=1318 kw=DIRECTIONAL_COOKIE SHADOWS_OFF ok=1
Cmd: compileSnippet
  api=0 type=1 insize=1273 outsize=6 kw=DIRECTIONAL_COOKIE SHADOWS_SCREEN ok=1
Cmd: compileSnippet
  api=0 type=1 insize=1273 outsize=6 kw=POINT SHADOWS_CUBE ok=1
Cmd: compileSnippet
  api=4 type=1 insize=1273 outsize=4938 kw=POINT SHADOWS_CUBE ok=1
Cmd: compileSnippet
  api=0 type=1 insize=1273 outsize=6 kw=POINT_COOKIE SHADOWS_CUBE SHADOWS_SOFT ok=1
Cmd: compileSnippet
  api=4 type=1 insize=1273 outsize=6222 kw=POINT_COOKIE SHADOWS_CUBE SHADOWS_SOFT ok=1
Cmd: compileSnippet
  api=1 type=0 insize=1934 outsize=441 kw=SPOT SHADOWS_OFF ok=1
Cmd: compileSnippet
  api=1 type=0 insize=1934 outsize=441 kw=POINT_COOKIE SHADOWS_OFF ok=1
Cmd: compileSnippet
  api=1 type=0 insize=1934 outsize=441 kw=DIRECTIONAL_COOKIE SHADOWS_OFF ok=1
Cmd: compileSnippet
  api=1 type=0 insize=1934 outsize=441 kw=SPOT SHADOWS_DEPTH SHADOWS_NATIVE ok=1
Cmd: compileSnippet
  api=0 type=0 insize=1934 outsize=3916 kw=DIRECTIONAL SHADOWS_SCREEN ok=1
Cmd: compileSnippet
  api=4 type=0 insize=1934 outsize=1940 kw=POINT_COOKIE SHADOWS_CUBE SHADOWS_SOFT ok=1
Cmd: compileSnippet
  api=1 type=0 insize=1934 outsize=441 kw=POINT SHADOWS_OFF UNITY_HDR_ON ok=1
Cmd: compileSnippet
  api=0 type=0 insize=1934 outsize=3394 kw=DIRECTIONAL SHADOWS_OFF UNITY_HDR_ON ok=1
Cmd: compileSnippet
  api=1 type=0 insize=1934 outsize=441 kw=DIRECTIONAL_COOKIE SHADOWS_SCREEN UNITY_HDR_ON ok=1
Cmd: compileSnippet
  api=0 type=0 insize=1934 outsize=4207 kw=POINT SHADOWS_CUBE UNITY_HDR_ON ok=1
Cmd: compileSnippet
  api=0 type=1 insize=1934 outsize=6 kw=SPOT SHADOWS_OFF ok=1
Cmd: compileSnippet
  api=1 type=1 insize=1934 outsize=2341 kw=POINT_COOKIE SHADOWS_OFF ok=1
Cmd: compileSnippet
  api=4 type=1 insize=1934 outsize=8465 kw=SPOT SHADOWS_DEPTH SHADOWS_NATIVE ok=1
Cmd: compileSnippet
  api=1 type=1 insize=1934 outsize=2505 kw=POINT_COOKIE SHADOWS_CUBE ok=1
Cmd: compileSnippet
  api=0 type=1 insize=1934 outsize=6 kw=DIRECTIONAL SHADOWS_OFF UNITY_HDR_ON ok=1
Cmd: compileSnippet
  api=0 type=1 insize=1934 outsize=6 kw=POINT_COOKIE SHADOWS_OFF UNITY_HDR_ON ok=1
Cmd: compileSnippet
  api=4 type=1 insize=1934 outsize=6994 kw=POINT_COOKIE SHADOWS_OFF UNITY_HDR_ON ok=1
Cmd: compileSnippet
  api=0 type=1 insize=1934 outsize=6 kw=POINT SHADOWS_CUBE UNITY_HDR_ON ok=1
Cmd: compileSnippet
  api=0 type=1 insize=1934 outsize=6 kw=SPOT SHADOWS_DEPTH SHADOWS_SOFT SHADOWS_NATIVE UNITY_HDR_ON ok=1
Cmd: compileSnippet
  api=0 type=1 insize=1934 outsize=6 kw=POINT_COOKIE SHADOWS_CUBE SHADOWS_SOFT UNITY_HDR_ON ok=1
Cmd: compileSnippet
  api=4 type=0 insize=1051 outsize=1250 kw= ok=1
Cmd: compileSnippet
  api=1 type=0 insize=1089 outsize=253 kw= ok=1
Cmd: compileSnippet
  api=4 type=1 insize=1079 outsize=1510 kw= ok=1
