Base path: C:/Program Files/Unity5/Editor/Data
Pipe name: \\.\pipe\UnityShaderCompiler-64bit-2-10112
Cmd: getPlatforms
Cmd: compileSnippet
  api=1 type=0 insize=6731 outsize=580 kw=DIRECTIONAL LIGHTMAP_OFF DIRLIGHTMAP_OFF DYNAMICLIGHTMAP_OFF ok=1
Cmd: compileSnippet
  api=1 type=0 insize=3569 outsize=339 kw=DIRECTIONAL ok=1
Cmd: compileSnippet
  api=0 type=0 insize=3569 outsize=1842 kw=POINT_COOKIE ok=1
Cmd: compileSnippet
  api=1 type=1 insize=3569 outsize=563 kw=SPOT ok=1
Cmd: compileSnippet
  api=8 type=1 insize=3569 outsize=2470 kw=DIRECTIONAL_COOKIE ok=1
Cmd: compileSnippet
  api=8 type=0 insize=7178 outsize=7069 kw=DIRECTIONAL LIGHTMAP_OFF DIRLIGHTMAP_OFF DYNAMICLIGHTMAP_OFF ok=1
Cmd: compileSnippet
  api=1 type=0 insize=4616 outsize=725 kw=SPOT ok=1
Cmd: compileSnippet
  api=8 type=0 insize=4616 outsize=5672 kw=SPOT ok=1
Cmd: compileSnippet
  api=1 type=0 insize=4616 outsize=725 kw=DIRECTIONAL_COOKIE ok=1
Cmd: compileSnippet
  api=0 type=1 insize=4616 outsize=6 kw=POINT ok=1
Cmd: compileSnippet
  api=1 type=1 insize=4616 outsize=768 kw=POINT_COOKIE ok=1
Cmd: compileSnippet
  api=4 type=1 insize=4616 outsize=2444 kw=DIRECTIONAL_COOKIE ok=1
Cmd: compileSnippet
  api=1 type=1 insize=1329 outsize=240 kw= ok=1
Cmd: compileSnippet
  api=8 type=1 insize=1317 outsize=1528 kw= ok=1
Cmd: compileSnippet
  api=1 type=1 insize=1327 outsize=240 kw= ok=1
Cmd: compileSnippet
  api=8 type=0 insize=1109 outsize=1812 kw= ok=1
Cmd: compileSnippet
  api=1 type=0 insize=7059 outsize=615 kw=DIRECTIONAL SHADOWS_OFF LIGHTMAP_OFF DIRLIGHTMAP_OFF DYNAMICLIGHTMAP_OFF ok=1
Cmd: compileSnippet
  api=8 type=0 insize=7059 outsize=7719 kw=DIRECTIONAL SHADOWS_OFF LIGHTMAP_OFF DIRLIGHTMAP_OFF DYNAMICLIGHTMAP_OFF VERTEXLIGHT_ON ok=1
Cmd: compileSnippet
  api=0 type=1 insize=7059 outsize=6 kw=DIRECTIONAL SHADOWS_OFF LIGHTMAP_OFF DIRLIGHTMAP_OFF DYNAMICLIGHTMAP_OFF ok=1
Cmd: compileSnippet
  api=1 type=0 insize=3888 outsize=374 kw=SPOT ok=1
Cmd: compileSnippet
  api=8 type=0 insize=3888 outsize=4006 kw=SPOT ok=1
Cmd: compileSnippet
  api=1 type=0 insize=3888 outsize=374 kw=DIRECTIONAL_COOKIE ok=1
Cmd: compileSnippet
  api=0 type=1 insize=3888 outsize=6 kw=POINT ok=1
Cmd: compileSnippet
  api=1 type=1 insize=3888 outsize=587 kw=POINT_COOKIE ok=1
Cmd: compileSnippet
  api=0 type=1 insize=3888 outsize=6 kw=DIRECTIONAL_COOKIE ok=1
Cmd: compileSnippet
  api=1 type=0 insize=2914 outsize=293 kw= ok=1
Cmd: compileSnippet
  api=4 type=0 insize=6215 outsize=4150 kw=LIGHTMAP_OFF DIRLIGHTMAP_OFF DYNAMICLIGHTMAP_OFF UNITY_HDR_ON ok=1
Cmd: compileSnippet
  api=1 type=1 insize=6215 outsize=364 kw=LIGHTMAP_OFF DIRLIGHTMAP_OFF DYNAMICLIGHTMAP_OFF HDR_LIGHT_PREPASS_OFF ok=1
Cmd: compileSnippet
  api=4 type=0 insize=6169 outsize=3874 kw=LIGHTMAP_OFF DIRLIGHTMAP_OFF DYNAMICLIGHTMAP_OFF HDR_LIGHT_PREPASS_OFF ok=1
Cmd: compileSnippet
  api=0 type=1 insize=6169 outsize=6 kw=LIGHTMAP_OFF DIRLIGHTMAP_OFF DYNAMICLIGHTMAP_OFF UNITY_HDR_ON ok=1
Cmd: compileSnippet
  api=4 type=0 insize=7075 outsize=4126 kw=DIRECTIONAL SHADOWS_SCREEN LIGHTMAP_OFF DIRLIGHTMAP_OFF DYNAMICLIGHTMAP_OFF ok=1
Cmd: compileSnippet
  api=4 type=0 insize=7075 outsize=5580 kw=DIRECTIONAL SHADOWS_SCREEN LIGHTMAP_OFF DIRLIGHTMAP_OFF DYNAMICLIGHTMAP_OFF VERTEXLIGHT_ON ok=1
Cmd: compileSnippet
  api=1 type=1 insize=7075 outsize=348 kw=DIRECTIONAL SHADOWS_OFF LIGHTMAP_OFF DIRLIGHTMAP_OFF DYNAMICLIGHTMAP_OFF ok=1
Cmd: compileSnippet
  api=8 type=0 insize=3755 outsize=3876 kw=POINT ok=1
Cmd: compileSnippet
  api=4 type=0 insize=3755 outsize=2737 kw=POINT_COOKIE ok=1
Cmd: compileSnippet
  api=4 type=0 insize=3755 outsize=2737 kw=DIRECTIONAL_COOKIE ok=1
Cmd: compileSnippet
  api=1 type=1 insize=3755 outsize=226 kw=DIRECTIONAL ok=1
Cmd: compileSnippet
  api=8 type=1 insize=3755 outsize=3169 kw=POINT_COOKIE ok=1
Cmd: compileSnippet
  api=1 type=1 insize=2913 outsize=106 kw= ok=1
Cmd: compileSnippet
  api=4 type=0 insize=6232 outsize=4150 kw=LIGHTMAP_OFF DIRLIGHTMAP_OFF DYNAMICLIGHTMAP_OFF UNITY_HDR_ON ok=1
Cmd: compileSnippet
  api=4 type=1 insize=6232 outsize=1502 kw=LIGHTMAP_OFF DIRLIGHTMAP_OFF DYNAMICLIGHTMAP_OFF UNITY_HDR_ON ok=1
Cmd: compileSnippet
  api=0 type=0 insize=6163 outsize=2870 kw=LIGHTMAP_OFF DIRLIGHTMAP_OFF DYNAMICLIGHTMAP_OFF UNITY_HDR_ON ok=1
Cmd: compileSnippet
  api=8 type=1 insize=6163 outsize=2698 kw=LIGHTMAP_OFF DIRLIGHTMAP_OFF DYNAMICLIGHTMAP_OFF HDR_LIGHT_PREPASS_OFF ok=1
Cmd: compileSnippet
  api=0 type=0 insize=7636 outsize=4969 kw=DIRECTIONAL SHADOWS_OFF LIGHTMAP_OFF DIRLIGHTMAP_OFF DYNAMICLIGHTMAP_OFF VERTEXLIGHT_ON ok=1
Cmd: compileSnippet
  api=1 type=0 insize=4854 outsize=819 kw=POINT ok=1
Cmd: compileSnippet
  api=4 type=0 insize=4854 outsize=3939 kw=POINT_COOKIE ok=1
Cmd: compileSnippet
  api=0 type=1 insize=4854 outsize=6 kw=SPOT ok=1
Cmd: compileSnippet
  api=4 type=1 insize=4854 outsize=2444 kw=DIRECTIONAL_COOKIE ok=1
Cmd: compileSnippet
  api=1 type=1 insize=4059 outsize=399 kw= ok=1
Cmd: compileSnippet
  api=0 type=1 insize=6556 outsize=6 kw=LIGHTMAP_OFF DIRLIGHTMAP_OFF DYNAMICLIGHTMAP_OFF HDR_LIGHT_PREPASS_OFF ok=1
Cmd: compileSnippet
  api=4 type=0 insize=7434 outsize=4865 kw=LIGHTMAP_OFF DIRLIGHTMAP_OFF DYNAMICLIGHTMAP_OFF HDR_LIGHT_PREPASS_OFF ok=1
Cmd: compileSnippet
  api=0 type=1 insize=7434 outsize=6 kw=LIGHTMAP_OFF DIRLIGHTMAP_OFF DYNAMICLIGHTMAP_OFF UNITY_HDR_ON ok=1
Cmd: compileSnippet
  api=1 type=0 insize=7434 outsize=1099 kw=DIRECTIONAL SHADOWS_SCREEN LIGHTMAP_OFF DIRLIGHTMAP_OFF DYNAMICLIGHTMAP_OFF ok=1
Cmd: compileSnippet
  api=1 type=0 insize=7434 outsize=1511 kw=DIRECTIONAL SHADOWS_OFF LIGHTMAP_OFF DIRLIGHTMAP_OFF DYNAMICLIGHTMAP_OFF VERTEXLIGHT_ON ok=1
Cmd: compileSnippet
  api=4 type=0 insize=7434 outsize=6823 kw=DIRECTIONAL SHADOWS_SCREEN LIGHTMAP_OFF DIRLIGHTMAP_OFF DYNAMICLIGHTMAP_OFF VERTEXLIGHT_ON ok=1
Cmd: compileSnippet
  api=4 type=1 insize=7434 outsize=2631 kw=DIRECTIONAL SHADOWS_SCREEN LIGHTMAP_OFF DIRLIGHTMAP_OFF DYNAMICLIGHTMAP_OFF ok=1
Cmd: compileSnippet
  api=4 type=0 insize=4841 outsize=3939 kw=POINT ok=1
Cmd: compileSnippet
  api=8 type=0 insize=4841 outsize=5672 kw=SPOT ok=1
Cmd: compileSnippet
  api=1 type=0 insize=4841 outsize=725 kw=DIRECTIONAL_COOKIE ok=1
Cmd: compileSnippet
  api=8 type=0 insize=4841 outsize=5672 kw=DIRECTIONAL_COOKIE ok=1
Cmd: compileSnippet
  api=4 type=1 insize=4841 outsize=2720 kw=POINT ok=1
Cmd: compileSnippet
  api=4 type=1 insize=4841 outsize=2907 kw=POINT_COOKIE ok=1
Cmd: compileSnippet
  api=8 type=0 insize=4032 outsize=5663 kw= ok=1
Cmd: compileSnippet
  api=8 type=0 insize=6249 outsize=5940 kw=LIGHTMAP_OFF DIRLIGHTMAP_OFF DYNAMICLIGHTMAP_OFF HDR_LIGHT_PREPASS_OFF ok=1
Cmd: compileSnippet
  api=4 type=1 insize=6249 outsize=1502 kw=LIGHTMAP_OFF DIRLIGHTMAP_OFF DYNAMICLIGHTMAP_OFF UNITY_HDR_ON ok=1
Cmd: compileSnippet
  api=8 type=0 insize=7292 outsize=7435 kw=LIGHTMAP_OFF DIRLIGHTMAP_OFF DYNAMICLIGHTMAP_OFF HDR_LIGHT_PREPASS_OFF ok=1
Cmd: compileSnippet
  api=1 type=1 insize=7292 outsize=676 kw=LIGHTMAP_OFF DIRLIGHTMAP_OFF DYNAMICLIGHTMAP_OFF UNITY_HDR_ON ok=1
Cmd: compileSnippet
  api=1 type=0 insize=7269 outsize=615 kw=DIRECTIONAL SHADOWS_OFF LIGHTMAP_OFF DIRLIGHTMAP_OFF DYNAMICLIGHTMAP_OFF ok=1
Cmd: compileSnippet
  api=1 type=0 insize=7269 outsize=1122 kw=DIRECTIONAL SHADOWS_OFF LIGHTMAP_OFF DIRLIGHTMAP_OFF DYNAMICLIGHTMAP_OFF VERTEXLIGHT_ON ok=1
Cmd: compileSnippet
  api=4 type=0 insize=7269 outsize=5580 kw=DIRECTIONAL SHADOWS_SCREEN LIGHTMAP_OFF DIRLIGHTMAP_OFF DYNAMICLIGHTMAP_OFF VERTEXLIGHT_ON ok=1
Cmd: compileSnippet
  api=4 type=1 insize=7269 outsize=2793 kw=DIRECTIONAL SHADOWS_SCREEN LIGHTMAP_OFF DIRLIGHTMAP_OFF DYNAMICLIGHTMAP_OFF ok=1
Cmd: compileSnippet
  api=4 type=0 insize=3907 outsize=2737 kw=DIRECTIONAL ok=1
Cmd: compileSnippet
  api=4 type=0 insize=3907 outsize=2737 kw=SPOT ok=1
Cmd: compileSnippet
  api=8 type=0 insize=3907 outsize=3876 kw=POINT_COOKIE ok=1
Cmd: compileSnippet
  api=8 type=1 insize=3907 outsize=3193 kw=DIRECTIONAL ok=1
Cmd: compileSnippet
  api=1 type=1 insize=3907 outsize=627 kw=DIRECTIONAL_COOKIE ok=1
Cmd: compileSnippet
  api=1 type=0 insize=2979 outsize=293 kw= ok=1
Cmd: compileSnippet
  api=1 type=0 insize=6301 outsize=742 kw=LIGHTMAP_OFF DIRLIGHTMAP_OFF DYNAMICLIGHTMAP_OFF HDR_LIGHT_PREPASS_OFF ok=1
Cmd: compileSnippet
  api=1 type=1 insize=6301 outsize=371 kw=LIGHTMAP_OFF DIRLIGHTMAP_OFF DYNAMICLIGHTMAP_OFF UNITY_HDR_ON ok=1
Cmd: compileSnippet
  api=1 type=0 insize=6357 outsize=630 kw=LIGHTMAP_OFF DIRLIGHTMAP_OFF DYNAMICLIGHTMAP_OFF HDR_LIGHT_PREPASS_OFF ok=1
Cmd: compileSnippet
  api=1 type=1 insize=6357 outsize=460 kw=LIGHTMAP_OFF DIRLIGHTMAP_OFF DYNAMICLIGHTMAP_OFF HDR_LIGHT_PREPASS_OFF ok=1
Cmd: compileSnippet
  api=0 type=0 insize=7817 outsize=5954 kw=DIRECTIONAL SHADOWS_SCREEN LIGHTMAP_OFF DIRLIGHTMAP_OFF DYNAMICLIGHTMAP_OFF VERTEXLIGHT_ON ok=1
Cmd: compileSnippet
  api=0 type=1 insize=7817 outsize=6 kw=DIRECTIONAL SHADOWS_SCREEN LIGHTMAP_OFF DIRLIGHTMAP_OFF DYNAMICLIGHTMAP_OFF ok=1
Cmd: compileSnippet
  api=1 type=0 insize=4993 outsize=819 kw=DIRECTIONAL ok=1
Cmd: compileSnippet
  api=0 type=0 insize=4993 outsize=3437 kw=DIRECTIONAL_COOKIE ok=1
Cmd: compileSnippet
  api=1 type=1 insize=4993 outsize=834 kw=DIRECTIONAL ok=1
Cmd: compileSnippet
  api=4 type=0 insize=4112 outsize=3898 kw= ok=1
Cmd: compileSnippet
  api=1 type=0 insize=6612 outsize=839 kw=LIGHTMAP_OFF DIRLIGHTMAP_OFF DYNAMICLIGHTMAP_OFF UNITY_HDR_ON ok=1
Cmd: compileSnippet
  api=4 type=0 insize=7615 outsize=4865 kw=LIGHTMAP_OFF DIRLIGHTMAP_OFF DYNAMICLIGHTMAP_OFF UNITY_HDR_ON ok=1
Cmd: compileSnippet
  api=1 type=1 insize=7615 outsize=753 kw=LIGHTMAP_OFF DIRLIGHTMAP_OFF DYNAMICLIGHTMAP_OFF UNITY_HDR_ON ok=1
Cmd: compileSnippet
  api=1 type=0 insize=1642 outsize=187 kw= ok=1
Cmd: compileSnippet
  api=8 type=0 insize=1171 outsize=2454 kw= ok=1
Cmd: compileSnippet
  api=8 type=0 insize=1987 outsize=2023 kw= ok=1
Cmd: compileSnippet
  api=1 type=0 insize=1996 outsize=258 kw= ok=1
Cmd: compileSnippet
  api=8 type=1 insize=975 outsize=1503 kw= ok=1
Cmd: compileSnippet
  api=1 type=1 insize=1366 outsize=273 kw= ok=1
Cmd: compileSnippet
  api=1 type=0 insize=1702 outsize=331 kw= ok=1
Cmd: compileSnippet
  api=1 type=0 insize=19336 outsize=302 kw= ok=1
Cmd: compileSnippet
  api=1 type=1 insize=19342 outsize=1189 kw= ok=1
Cmd: compileSnippet
  api=1 type=0 insize=19324 outsize=302 kw= ok=1
Cmd: compileSnippet
  api=1 type=1 insize=19340 outsize=298 kw= ok=1
Cmd: compileSnippet
  api=1 type=0 insize=19338 outsize=302 kw= ok=1
Cmd: compileSnippet
  api=1 type=1 insize=19334 outsize=137 kw= ok=1
Cmd: compileSnippet
  api=1 type=0 insize=19344 outsize=302 kw= ok=1
Cmd: compileSnippet
  api=1 type=1 insize=19333 outsize=291 kw= ok=1
Cmd: compileSnippet
  api=1 type=0 insize=19333 outsize=302 kw= ok=1
Cmd: compileSnippet
  api=1 type=1 insize=19351 outsize=1562 kw= ok=1
Cmd: compileSnippet
  api=1 type=0 insize=19331 outsize=316 kw= ok=1
Cmd: compileSnippet
  api=1 type=1 insize=19349 outsize=56 kw= ok=1
Cmd: compileSnippet
  api=8 type=0 insize=3778 outsize=2592 kw= ok=1
Cmd: compileSnippet
  api=8 type=0 insize=3341 outsize=3015 kw= ok=1
Cmd: compileSnippet
  api=0 type=0 insize=5605 outsize=4420 kw=SAMPLES_VERY_LOW DISTANCE_CUTOFF_ON LUM_CONTRIB_ON NOISE_ON CUSTOM_COLOR_OFF ok=1
Cmd: compileSnippet
  api=0 type=0 insize=5605 outsize=3862 kw=SAMPLES_VERY_LOW DISTANCE_CUTOFF_ON CUSTOM_COLOR_ON NOISE_OFF LUM_CONTRIB_OFF ok=1
Cmd: compileSnippet
  api=1 type=0 insize=5605 outsize=302 kw=SAMPLES_VERY_LOW LUM_CONTRIB_ON CUSTOM_COLOR_ON NOISE_ON DISTANCE_CUTOFF_OFF ok=1
Cmd: compileSnippet
  api=4 type=0 insize=5605 outsize=1298 kw=SAMPLES_VERY_LOW LUM_CONTRIB_ON CUSTOM_COLOR_ON NOISE_OFF DISTANCE_CUTOFF_OFF ok=1
Cmd: compileSnippet
  api=0 type=0 insize=5605 outsize=3707 kw=SAMPLES_VERY_LOW CUSTOM_COLOR_ON NOISE_OFF LUM_CONTRIB_OFF DISTANCE_CUTOFF_OFF ok=1
Cmd: compileSnippet
  api=0 type=0 insize=5605 outsize=3488 kw=DISTANCE_CUTOFF_ON LUM_CONTRIB_ON CUSTOM_COLOR_ON NOISE_OFF SAMPLES_LOW ok=1
Cmd: compileSnippet
  api=0 type=0 insize=5605 outsize=3542 kw=DISTANCE_CUTOFF_ON NOISE_ON CUSTOM_COLOR_OFF LUM_CONTRIB_OFF SAMPLES_LOW ok=1
Cmd: compileSnippet
  api=0 type=0 insize=5605 outsize=3455 kw=CUSTOM_COLOR_ON NOISE_ON LUM_CONTRIB_OFF DISTANCE_CUTOFF_OFF SAMPLES_LOW ok=1
Cmd: compileSnippet
  api=0 type=0 insize=5605 outsize=3093 kw=NOISE_OFF CUSTOM_COLOR_OFF LUM_CONTRIB_OFF DISTANCE_CUTOFF_OFF SAMPLES_LOW ok=1
Cmd: compileSnippet
  api=1 type=0 insize=5605 outsize=302 kw=DISTANCE_CUTOFF_ON LUM_CONTRIB_ON CUSTOM_COLOR_ON NOISE_OFF SAMPLES_MEDIUM ok=1
Cmd: compileSnippet
  api=0 type=0 insize=5605 outsize=4003 kw=DISTANCE_CUTOFF_ON LUM_CONTRIB_ON NOISE_OFF CUSTOM_COLOR_OFF SAMPLES_MEDIUM ok=1
Cmd: compileSnippet
  api=1 type=0 insize=5605 outsize=302 kw=DISTANCE_CUTOFF_ON CUSTOM_COLOR_ON NOISE_OFF LUM_CONTRIB_OFF SAMPLES_MEDIUM ok=1
Cmd: compileSnippet
  api=4 type=0 insize=5605 outsize=1298 kw=DISTANCE_CUTOFF_ON NOISE_OFF CUSTOM_COLOR_OFF LUM_CONTRIB_OFF SAMPLES_MEDIUM ok=1
Cmd: compileSnippet
  api=4 type=0 insize=5605 outsize=1298 kw=LUM_CONTRIB_ON CUSTOM_COLOR_ON NOISE_OFF DISTANCE_CUTOFF_OFF SAMPLES_MEDIUM ok=1
Cmd: compileSnippet
  api=4 type=0 insize=5605 outsize=1298 kw=LUM_CONTRIB_ON NOISE_ON CUSTOM_COLOR_OFF DISTANCE_CUTOFF_OFF SAMPLES_MEDIUM ok=1
Cmd: compileSnippet
  api=1 type=0 insize=5605 outsize=302 kw=LUM_CONTRIB_ON NOISE_OFF CUSTOM_COLOR_OFF DISTANCE_CUTOFF_OFF SAMPLES_MEDIUM ok=1
Cmd: compileSnippet
  api=1 type=0 insize=5605 outsize=302 kw=CUSTOM_COLOR_ON NOISE_ON LUM_CONTRIB_OFF DISTANCE_CUTOFF_OFF SAMPLES_MEDIUM ok=1
Cmd: compileSnippet
  api=1 type=0 insize=5605 outsize=302 kw=CUSTOM_COLOR_ON NOISE_OFF LUM_CONTRIB_OFF DISTANCE_CUTOFF_OFF SAMPLES_MEDIUM ok=1
Cmd: compileSnippet
  api=0 type=0 insize=5605 outsize=3970 kw=NOISE_ON CUSTOM_COLOR_OFF LUM_CONTRIB_OFF DISTANCE_CUTOFF_OFF SAMPLES_MEDIUM ok=1
Cmd: compileSnippet
  api=0 type=0 insize=5605 outsize=4577 kw=DISTANCE_CUTOFF_ON LUM_CONTRIB_ON NOISE_OFF CUSTOM_COLOR_OFF SAMPLES_HIGH ok=1
Cmd: compileSnippet
  api=4 type=0 insize=5605 outsize=1298 kw=DISTANCE_CUTOFF_ON NOISE_ON CUSTOM_COLOR_OFF LUM_CONTRIB_OFF SAMPLES_HIGH ok=1
Cmd: compileSnippet
  api=1 type=0 insize=5605 outsize=302 kw=LUM_CONTRIB_ON CUSTOM_COLOR_ON NOISE_ON DISTANCE_CUTOFF_OFF SAMPLES_HIGH ok=1
Cmd: compileSnippet
  api=1 type=0 insize=5605 outsize=302 kw=LUM_CONTRIB_ON CUSTOM_COLOR_ON NOISE_OFF DISTANCE_CUTOFF_OFF SAMPLES_HIGH ok=1
Cmd: compileSnippet
  api=0 type=0 insize=5605 outsize=4422 kw=LUM_CONTRIB_ON NOISE_OFF CUSTOM_COLOR_OFF DISTANCE_CUTOFF_OFF SAMPLES_HIGH ok=1
Cmd: compileSnippet
  api=4 type=1 insize=5605 outsize=5499 kw=SAMPLES_VERY_LOW DISTANCE_CUTOFF_ON LUM_CONTRIB_ON NOISE_ON CUSTOM_COLOR_OFF ok=1
Cmd: compileSnippet
  api=0 type=1 insize=5605 outsize=6 kw=SAMPLES_VERY_LOW DISTANCE_CUTOFF_ON CUSTOM_COLOR_ON NOISE_OFF LUM_CONTRIB_OFF ok=1
Cmd: compileSnippet
  api=1 type=1 insize=5605 outsize=2621 kw=SAMPLES_VERY_LOW DISTANCE_CUTOFF_ON CUSTOM_COLOR_ON NOISE_OFF LUM_CONTRIB_OFF ok=1
Cmd: compileSnippet
  api=0 type=1 insize=5605 outsize=6 kw=SAMPLES_VERY_LOW LUM_CONTRIB_ON NOISE_ON CUSTOM_COLOR_OFF DISTANCE_CUTOFF_OFF ok=1
Cmd: compileSnippet
  api=0 type=1 insize=5605 outsize=6 kw=SAMPLES_VERY_LOW LUM_CONTRIB_ON NOISE_OFF CUSTOM_COLOR_OFF DISTANCE_CUTOFF_OFF ok=1
Cmd: compileSnippet
  api=1 type=1 insize=5605 outsize=2679 kw=SAMPLES_VERY_LOW LUM_CONTRIB_ON NOISE_OFF CUSTOM_COLOR_OFF DISTANCE_CUTOFF_OFF ok=1
Cmd: compileSnippet
  api=1 type=1 insize=5605 outsize=5679 kw=DISTANCE_CUTOFF_ON LUM_CONTRIB_ON CUSTOM_COLOR_ON NOISE_ON SAMPLES_LOW ok=1
Cmd: compileSnippet
  api=0 type=1 insize=5605 outsize=6 kw=LUM_CONTRIB_ON CUSTOM_COLOR_ON NOISE_ON DISTANCE_CUTOFF_OFF SAMPLES_LOW ok=1
Cmd: compileSnippet
  api=4 type=1 insize=5605 outsize=6832 kw=LUM_CONTRIB_ON CUSTOM_COLOR_ON NOISE_ON DISTANCE_CUTOFF_OFF SAMPLES_LOW ok=1
Cmd: compileSnippet
  api=0 type=1 insize=5605 outsize=6 kw=LUM_CONTRIB_ON NOISE_OFF CUSTOM_COLOR_OFF DISTANCE_CUTOFF_OFF SAMPLES_LOW ok=1
Cmd: compileSnippet
  api=1 type=1 insize=5605 outsize=4499 kw=LUM_CONTRIB_ON NOISE_OFF CUSTOM_COLOR_OFF DISTANCE_CUTOFF_OFF SAMPLES_LOW ok=1
Cmd: compileSnippet
  api=4 type=1 insize=5605 outsize=8757 kw=DISTANCE_CUTOFF_ON LUM_CONTRIB_ON CUSTOM_COLOR_ON NOISE_ON SAMPLES_MEDIUM ok=1
Cmd: compileSnippet
  api=1 type=1 insize=5605 outsize=7310 kw=DISTANCE_CUTOFF_ON CUSTOM_COLOR_ON NOISE_ON LUM_CONTRIB_OFF SAMPLES_MEDIUM ok=1
Cmd: compileSnippet
  api=1 type=1 insize=5605 outsize=7374 kw=LUM_CONTRIB_ON NOISE_ON CUSTOM_COLOR_OFF DISTANCE_CUTOFF_OFF SAMPLES_MEDIUM ok=1
Cmd: compileSnippet
  api=4 type=1 insize=5605 outsize=9505 kw=DISTANCE_CUTOFF_ON LUM_CONTRIB_ON CUSTOM_COLOR_ON NOISE_OFF SAMPLES_HIGH ok=1
Cmd: compileSnippet
  api=1 type=1 insize=5605 outsize=8502 kw=DISTANCE_CUTOFF_ON LUM_CONTRIB_ON NOISE_OFF CUSTOM_COLOR_OFF SAMPLES_HIGH ok=1
Cmd: compileSnippet
  api=4 type=1 insize=5605 outsize=9765 kw=LUM_CONTRIB_ON CUSTOM_COLOR_ON NOISE_ON DISTANCE_CUTOFF_OFF SAMPLES_HIGH ok=1
Cmd: compileSnippet
  api=0 type=1 insize=5605 outsize=6 kw=LUM_CONTRIB_ON NOISE_OFF CUSTOM_COLOR_OFF DISTANCE_CUTOFF_OFF SAMPLES_HIGH ok=1
Cmd: compileSnippet
  api=0 type=1 insize=5605 outsize=6 kw=CUSTOM_COLOR_ON NOISE_ON LUM_CONTRIB_OFF DISTANCE_CUTOFF_OFF SAMPLES_HIGH ok=1
Cmd: compileSnippet
  api=1 type=1 insize=5605 outsize=9238 kw=CUSTOM_COLOR_ON NOISE_ON LUM_CONTRIB_OFF DISTANCE_CUTOFF_OFF SAMPLES_HIGH ok=1
Cmd: compileSnippet
  api=8 type=0 insize=5067 outsize=2316 kw=CUSTOM_COLOR_ON ok=1
Cmd: compileSnippet
  api=0 type=1 insize=5067 outsize=6 kw=CUSTOM_COLOR_OFF ok=1
Cmd: compileSnippet
  api=0 type=0 insize=5945 outsize=2142 kw=CUSTOM_COLOR_ON ok=1
Cmd: compileSnippet
  api=1 type=1 insize=5945 outsize=898 kw=CUSTOM_COLOR_OFF ok=1
Cmd: compileSnippet
  api=8 type=0 insize=4751 outsize=1958 kw=CUSTOM_COLOR_ON ok=1
Cmd: compileSnippet
  api=1 type=1 insize=4751 outsize=147 kw=CUSTOM_COLOR_ON ok=1
Cmd: compileSnippet
  api=4 type=0 insize=541 outsize=1404 kw=SHADOWS_CUBE ok=1
Cmd: compileSnippet
  api=8 type=1 insize=541 outsize=658 kw=SHADOWS_DEPTH ok=1
Cmd: compileSnippet
  api=1 type=0 insize=6810 outsize=1087 kw=DIRECTIONAL SHADOWS_OFF LIGHTMAP_OFF DIRLIGHTMAP_OFF DYNAMICLIGHTMAP_OFF VERTEXLIGHT_ON ok=1
Cmd: compileSnippet
  api=4 type=0 insize=6810 outsize=5491 kw=DIRECTIONAL SHADOWS_SCREEN LIGHTMAP_OFF DIRLIGHTMAP_OFF DYNAMICLIGHTMAP_OFF VERTEXLIGHT_ON ok=1
Cmd: compileSnippet
  api=4 type=1 insize=6810 outsize=1615 kw=DIRECTIONAL SHADOWS_SCREEN LIGHTMAP_OFF DIRLIGHTMAP_OFF DYNAMICLIGHTMAP_OFF ok=1
Cmd: compileSnippet
  api=0 type=0 insize=3647 outsize=1476 kw=DIRECTIONAL ok=1
Cmd: compileSnippet
  api=8 type=1 insize=3647 outsize=2860 kw=POINT ok=1
Cmd: compileSnippet
  api=4 type=1 insize=2805 outsize=681 kw= ok=1
Cmd: compileSnippet
  api=4 type=0 insize=5974 outsize=4061 kw=LIGHTMAP_OFF DIRLIGHTMAP_OFF DYNAMICLIGHTMAP_OFF HDR_LIGHT_PREPASS_OFF ok=1
Cmd: compileSnippet
  api=4 type=1 insize=5974 outsize=1298 kw=LIGHTMAP_OFF DIRLIGHTMAP_OFF DYNAMICLIGHTMAP_OFF UNITY_HDR_ON ok=1
Cmd: compileSnippet
  api=1 type=0 insize=5928 outsize=595 kw=LIGHTMAP_OFF DIRLIGHTMAP_OFF DYNAMICLIGHTMAP_OFF HDR_LIGHT_PREPASS_OFF ok=1
Cmd: compileSnippet
  api=1 type=1 insize=5928 outsize=355 kw=LIGHTMAP_OFF DIRLIGHTMAP_OFF DYNAMICLIGHTMAP_OFF HDR_LIGHT_PREPASS_OFF ok=1
Cmd: compileSnippet
  api=1 type=0 insize=1275 outsize=441 kw=POINT SHADOWS_OFF ok=1
Cmd: compileSnippet
  api=0 type=0 insize=1275 outsize=2950 kw=POINT_COOKIE SHADOWS_OFF ok=1
Cmd: compileSnippet
  api=4 type=0 insize=1275 outsize=1940 kw=DIRECTIONAL SHADOWS_SCREEN ok=1
Cmd: compileSnippet
  api=1 type=0 insize=1275 outsize=441 kw=POINT SHADOWS_CUBE ok=1
Cmd: compileSnippet
  api=1 type=0 insize=1275 outsize=441 kw=POINT_COOKIE SHADOWS_CUBE ok=1
Cmd: compileSnippet
  api=1 type=0 insize=1275 outsize=441 kw=SPOT SHADOWS_DEPTH SHADOWS_SOFT SHADOWS_NATIVE ok=1
Cmd: compileSnippet
  api=0 type=0 insize=1275 outsize=4212 kw=POINT SHADOWS_CUBE SHADOWS_SOFT ok=1
Cmd: compileSnippet
  api=4 type=1 insize=1275 outsize=3939 kw=DIRECTIONAL SHADOWS_OFF ok=1
Cmd: compileSnippet
  api=1 type=1 insize=1275 outsize=1402 kw=DIRECTIONAL_COOKIE SHADOWS_OFF ok=1
Cmd: compileSnippet
  api=4 type=1 insize=1275 outsize=4240 kw=DIRECTIONAL SHADOWS_SCREEN ok=1
Cmd: compileSnippet
  api=0 type=1 insize=1275 outsize=6 kw=POINT SHADOWS_CUBE SHADOWS_SOFT ok=1
Cmd: compileSnippet
  api=1 type=1 insize=1275 outsize=1894 kw=POINT SHADOWS_CUBE SHADOWS_SOFT ok=1
Cmd: compileSnippet
  api=0 type=0 insize=1268 outsize=3016 kw=SPOT SHADOWS_OFF ok=1
Cmd: compileSnippet
  api=4 type=0 insize=1268 outsize=1940 kw=DIRECTIONAL_COOKIE SHADOWS_SCREEN ok=1
Cmd: compileSnippet
  api=0 type=0 insize=1268 outsize=3475 kw=POINT_COOKIE SHADOWS_CUBE ok=1
Cmd: compileSnippet
  api=0 type=1 insize=1268 outsize=6 kw=DIRECTIONAL SHADOWS_OFF ok=1
Cmd: compileSnippet
  api=0 type=1 insize=1268 outsize=6 kw=POINT_COOKIE SHADOWS_OFF ok=1
Cmd: compileSnippet
  api=4 type=1 insize=1268 outsize=4930 kw=POINT_COOKIE SHADOWS_OFF ok=1
Cmd: compileSnippet
  api=4 type=1 insize=1268 outsize=4191 kw=DIRECTIONAL SHADOWS_SCREEN ok=1
Cmd: compileSnippet
  api=4 type=1 insize=1268 outsize=5450 kw=POINT_COOKIE SHADOWS_CUBE ok=1
Cmd: compileSnippet
  api=0 type=0 insize=1273 outsize=2748 kw=POINT SHADOWS_OFF ok=1
Cmd: compileSnippet
  api=0 type=0 insize=1273 outsize=3281 kw=POINT SHADOWS_CUBE ok=1
Cmd: compileSnippet
  api=4 type=1 insize=1273 outsize=3890 kw=DIRECTIONAL SHADOWS_OFF ok=1
Cmd: compileSnippet
  api=0 type=1 insize=1273 outsize=6 kw=SPOT SHADOWS_DEPTH SHADOWS_NATIVE ok=1
Cmd: compileSnippet
  api=1 type=1 insize=1273 outsize=1377 kw=DIRECTIONAL_COOKIE SHADOWS_SCREEN ok=1
Cmd: compileSnippet
  api=0 type=1 insize=1273 outsize=6 kw=POINT_COOKIE SHADOWS_CUBE ok=1
Cmd: compileSnippet
  api=0 type=1 insize=1273 outsize=6 kw=SPOT SHADOWS_DEPTH SHADOWS_SOFT SHADOWS_NATIVE ok=1
Cmd: compileSnippet
  api=0 type=1 insize=1273 outsize=6 kw=POINT SHADOWS_CUBE SHADOWS_SOFT ok=1
Cmd: compileSnippet
  api=1 type=1 insize=1273 outsize=1943 kw=POINT_COOKIE SHADOWS_CUBE SHADOWS_SOFT ok=1
Cmd: compileSnippet
  api=4 type=0 insize=1934 outsize=1940 kw=DIRECTIONAL SHADOWS_OFF ok=1
Cmd: compileSnippet
  api=4 type=0 insize=1934 outsize=1940 kw=POINT_COOKIE SHADOWS_OFF ok=1
Cmd: compileSnippet
  api=0 type=0 insize=1934 outsize=4689 kw=SPOT SHADOWS_DEPTH SHADOWS_NATIVE ok=1
Cmd: compileSnippet
  api=0 type=0 insize=1934 outsize=5135 kw=POINT SHADOWS_CUBE SHADOWS_SOFT ok=1
Cmd: compileSnippet
  api=1 type=0 insize=1934 outsize=441 kw=POINT_COOKIE SHADOWS_OFF UNITY_HDR_ON ok=1
Cmd: compileSnippet
  api=1 type=0 insize=1934 outsize=441 kw=DIRECTIONAL_COOKIE SHADOWS_OFF UNITY_HDR_ON ok=1
Cmd: compileSnippet
  api=1 type=0 insize=1934 outsize=441 kw=SPOT SHADOWS_DEPTH SHADOWS_NATIVE UNITY_HDR_ON ok=1
Cmd: compileSnippet
  api=1 type=0 insize=1934 outsize=441 kw=DIRECTIONAL SHADOWS_SCREEN UNITY_HDR_ON ok=1
Cmd: compileSnippet
  api=4 type=0 insize=1934 outsize=1940 kw=DIRECTIONAL SHADOWS_SCREEN UNITY_HDR_ON ok=1
Cmd: compileSnippet
  api=4 type=0 insize=1934 outsize=1940 kw=DIRECTIONAL_COOKIE SHADOWS_SCREEN UNITY_HDR_ON ok=1
Cmd: compileSnippet
  api=4 type=0 insize=1934 outsize=1940 kw=POINT SHADOWS_CUBE UNITY_HDR_ON ok=1
Cmd: compileSnippet
  api=1 type=0 insize=1934 outsize=441 kw=POINT_COOKIE SHADOWS_CUBE UNITY_HDR_ON ok=1
Cmd: compileSnippet
  api=0 type=0 insize=1934 outsize=5257 kw=SPOT SHADOWS_DEPTH SHADOWS_SOFT SHADOWS_NATIVE UNITY_HDR_ON ok=1
Cmd: compileSnippet
  api=4 type=1 insize=1934 outsize=6117 kw=DIRECTIONAL SHADOWS_OFF ok=1
Cmd: compileSnippet
  api=0 type=1 insize=1934 outsize=6 kw=DIRECTIONAL_COOKIE SHADOWS_OFF ok=1
Cmd: compileSnippet
  api=1 type=1 insize=1934 outsize=2747 kw=SPOT SHADOWS_DEPTH SHADOWS_NATIVE ok=1
Cmd: compileSnippet
  api=0 type=1 insize=1934 outsize=6 kw=POINT_COOKIE SHADOWS_CUBE ok=1
Cmd: compileSnippet
  api=4 type=1 insize=1934 outsize=7815 kw=POINT SHADOWS_CUBE SHADOWS_SOFT ok=1
Cmd: compileSnippet
  api=4 type=1 insize=1934 outsize=6417 kw=POINT SHADOWS_OFF UNITY_HDR_ON ok=1
Cmd: compileSnippet
  api=4 type=1 insize=1934 outsize=6482 kw=DIRECTIONAL_COOKIE SHADOWS_OFF UNITY_HDR_ON ok=1
Cmd: compileSnippet
  api=4 type=1 insize=1934 outsize=7181 kw=DIRECTIONAL_COOKIE SHADOWS_SCREEN UNITY_HDR_ON ok=1
Cmd: compileSnippet
  api=4 type=1 insize=1934 outsize=9025 kw=SPOT SHADOWS_DEPTH SHADOWS_SOFT SHADOWS_NATIVE UNITY_HDR_ON ok=1
Cmd: compileSnippet
  api=4 type=1 insize=1051 outsize=949 kw= ok=1
Cmd: compileSnippet
  api=1 type=1 insize=1089 outsize=180 kw= ok=1
Cmd: compileSnippet
  api=1 type=1 insize=723 outsize=98 kw= ok=1
